{"/home/gcb/Área de Trabalho/Desafios/binary2decimal/backend/src/utils/convert.ts": {"path":"/home/gcb/Área de Trabalho/Desafios/binary2decimal/backend/src/utils/convert.ts","statementMap":{"0":{"start":{"line":5,"column":17},"end":{"line":5,"column":18}},"1":{"start":{"line":6,"column":24},"end":{"line":6,"column":26}},"2":{"start":{"line":8,"column":21},"end":{"line":8,"column":47}},"3":{"start":{"line":10,"column":4},"end":{"line":14,"column":null}},"4":{"start":{"line":11,"column":6},"end":{"line":11,"column":null}},"5":{"start":{"line":11,"column":41},"end":{"line":11,"column":null}},"6":{"start":{"line":12,"column":20},"end":{"line":12,"column":50}},"7":{"start":{"line":13,"column":6},"end":{"line":13,"column":52}},"8":{"start":{"line":16,"column":4},"end":{"line":16,"column":44}},"9":{"start":{"line":16,"column":27},"end":{"line":16,"column":41}},"10":{"start":{"line":17,"column":4},"end":{"line":17,"column":null}},"11":{"start":{"line":20,"column":9},"end":{"line":20,"column":15}}},"fnMap":{"0":{"name":"(anonymous_0)","decl":{"start":{"line":4,"column":2},"end":{"line":4,"column":8}},"loc":{"start":{"line":4,"column":44},"end":{"line":18,"column":3}}},"1":{"name":"(anonymous_1)","decl":{"start":{"line":10,"column":21},"end":{"line":10,"column":22}},"loc":{"start":{"line":10,"column":38},"end":{"line":14,"column":5}}},"2":{"name":"(anonymous_2)","decl":{"start":{"line":16,"column":16},"end":{"line":16,"column":17}},"loc":{"start":{"line":16,"column":27},"end":{"line":16,"column":41}}}},"branchMap":{"0":{"loc":{"start":{"line":11,"column":6},"end":{"line":11,"column":null}},"type":"if","locations":[{"start":{"line":11,"column":6},"end":{"line":11,"column":null}}]},"1":{"loc":{"start":{"line":11,"column":9},"end":{"line":11,"column":39}},"type":"binary-expr","locations":[{"start":{"line":11,"column":9},"end":{"line":11,"column":22}},{"start":{"line":11,"column":26},"end":{"line":11,"column":39}}]}},"s":{"0":5,"1":5,"2":5,"3":5,"4":14,"5":2,"6":12,"7":12,"8":3,"9":12,"10":3,"11":1},"f":{"0":5,"1":14,"2":12},"b":{"0":[2],"1":[14,3]}}
}
