{"/home/gcb/Área de Trabalho/Desafios/binary2decimal/backend/src/utils/convert.ts": {"path":"/home/gcb/Área de Trabalho/Desafios/binary2decimal/backend/src/utils/convert.ts","statementMap":{"0":{"start":{"line":5,"column":17},"end":{"line":5,"column":18}},"1":{"start":{"line":6,"column":4},"end":{"line":28,"column":70}},"2":{"start":{"line":7,"column":34},"end":{"line":7,"column":60}},"3":{"start":{"line":8,"column":29},"end":{"line":8,"column":34}},"4":{"start":{"line":9,"column":26},"end":{"line":9,"column":28}},"5":{"start":{"line":11,"column":6},"end":{"line":21,"column":9}},"6":{"start":{"line":12,"column":8},"end":{"line":20,"column":null}},"7":{"start":{"line":13,"column":10},"end":{"line":13,"column":25}},"8":{"start":{"line":14,"column":24},"end":{"line":14,"column":65}},"9":{"start":{"line":15,"column":10},"end":{"line":15,"column":55}},"10":{"start":{"line":16,"column":15},"end":{"line":20,"column":null}},"11":{"start":{"line":17,"column":10},"end":{"line":17,"column":25}},"12":{"start":{"line":19,"column":10},"end":{"line":19,"column":26}},"13":{"start":{"line":22,"column":6},"end":{"line":22,"column":58}},"14":{"start":{"line":22,"column":20},"end":{"line":22,"column":58}},"15":{"start":{"line":23,"column":6},"end":{"line":23,"column":39}},"16":{"start":{"line":25,"column":6},"end":{"line":25,"column":42}},"17":{"start":{"line":25,"column":25},"end":{"line":25,"column":39}},"18":{"start":{"line":26,"column":6},"end":{"line":26,"column":45}},"19":{"start":{"line":27,"column":6},"end":{"line":27,"column":20}},"20":{"start":{"line":28,"column":11},"end":{"line":28,"column":70}},"21":{"start":{"line":31,"column":9},"end":{"line":31,"column":15}}},"fnMap":{"0":{"name":"(anonymous_0)","decl":{"start":{"line":4,"column":2},"end":{"line":4,"column":8}},"loc":{"start":{"line":4,"column":44},"end":{"line":29,"column":3}}},"1":{"name":"(anonymous_1)","decl":{"start":{"line":11,"column":30},"end":{"line":11,"column":31}},"loc":{"start":{"line":11,"column":46},"end":{"line":21,"column":7}}},"2":{"name":"(anonymous_2)","decl":{"start":{"line":25,"column":14},"end":{"line":25,"column":15}},"loc":{"start":{"line":25,"column":25},"end":{"line":25,"column":39}}}},"branchMap":{"0":{"loc":{"start":{"line":6,"column":4},"end":{"line":28,"column":70}},"type":"if","locations":[{"start":{"line":6,"column":4},"end":{"line":28,"column":70}},{"start":{"line":28,"column":11},"end":{"line":28,"column":70}}]},"1":{"loc":{"start":{"line":6,"column":8},"end":{"line":6,"column":62}},"type":"binary-expr","locations":[{"start":{"line":6,"column":8},"end":{"line":6,"column":33}},{"start":{"line":6,"column":37},"end":{"line":6,"column":62}}]},"2":{"loc":{"start":{"line":12,"column":8},"end":{"line":20,"column":null}},"type":"if","locations":[{"start":{"line":12,"column":8},"end":{"line":20,"column":null}},{"start":{"line":16,"column":15},"end":{"line":20,"column":null}}]},"3":{"loc":{"start":{"line":16,"column":15},"end":{"line":20,"column":null}},"type":"if","locations":[{"start":{"line":16,"column":15},"end":{"line":20,"column":null}},{"start":{"line":18,"column":15},"end":{"line":20,"column":null}}]},"4":{"loc":{"start":{"line":22,"column":6},"end":{"line":22,"column":58}},"type":"if","locations":[{"start":{"line":22,"column":6},"end":{"line":22,"column":58}}]}},"s":{"0":3,"1":3,"2":3,"3":3,"4":3,"5":3,"6":12,"7":11,"8":11,"9":11,"10":1,"11":1,"12":0,"13":3,"14":0,"15":3,"16":3,"17":11,"18":3,"19":3,"20":0,"21":1},"f":{"0":3,"1":12,"2":11},"b":{"0":[3,0],"1":[3,3],"2":[11,1],"3":[1,0],"4":[0]}}
}
